<?xml version="1.0" encoding="UTF-8"?>
<testng-results ignored="0" total="1" passed="1" failed="0" skipped="0">
  <reporter-output>
  </reporter-output>
  <suite started-at="2024-06-05T20:13:53 CEST" name="Default suite" finished-at="2024-06-05T20:14:02 CEST" duration-ms="8497">
    <groups>
    </groups>
    <test started-at="2024-06-05T20:13:53 CEST" name="Default test" finished-at="2024-06-05T20:14:02 CEST" duration-ms="8497">
      <class name="tests.LoginTest">
        <test-method is-config="true" signature="lounchApplication()[pri:0, instance:tests.LoginTest@1ed4ae0f]" started-at="2024-06-05T20:13:53 CEST" name="lounchApplication" finished-at="2024-06-05T20:13:57 CEST" duration-ms="3242" status="PASS">
          <reporter-output>
          </reporter-output>
        </test-method> <!-- lounchApplication -->
        <test-method is-config="true" signature="setUp()[pri:0, instance:tests.LoginTest@1ed4ae0f]" started-at="2024-06-05T20:13:57 CEST" name="setUp" finished-at="2024-06-05T20:13:57 CEST" duration-ms="3" status="PASS">
          <reporter-output>
          </reporter-output>
        </test-method> <!-- setUp -->
        <test-method signature="TestSuccessfullLogin()[pri:0, instance:tests.LoginTest@1ed4ae0f]" started-at="2024-06-05T20:13:57 CEST" name="TestSuccessfullLogin" finished-at="2024-06-05T20:14:02 CEST" duration-ms="5022" status="PASS">
          <reporter-output>
          </reporter-output>
        </test-method> <!-- TestSuccessfullLogin -->
        <test-method is-config="true" signature="tearDown()[pri:0, instance:tests.LoginTest@1ed4ae0f]" started-at="2024-06-05T20:14:02 CEST" name="tearDown" finished-at="2024-06-05T20:14:02 CEST" duration-ms="133" status="PASS">
          <reporter-output>
          </reporter-output>
        </test-method> <!-- tearDown -->
      </class> <!-- tests.LoginTest -->
    </test> <!-- Default test -->
  </suite> <!-- Default suite -->
</testng-results>
